Build started 6/8/2015 8:50:32 PM.
     1>Project "E:\Documents\GameMaking\Visual\First\First\First.vcxproj" on node 2 (build target(s)).
     1>InitializeBuildStatus:
         Creating "Release\First.unsuccessfulbuild" because "AlwaysCreate" was specified.
       ClCompile:
         All outputs are up-to-date.
         c:\Program Files (x86)\Microsoft Visual Studio 10.0\VC\bin\CL.exe /c /I"E:\SFML-2.1\include" /Zi /nologo /W3 /WX- /O2 /Oi /Oy- /GL /D WIN32 /D NDEBUG /D _CONSOLE /D _UNICODE /D UNICODE /Gm- /EHsc /MD /GS /Gy /fp:precise /Zc:wchar_t /Zc:forScope /Yu"StdAfx.h" /Fp"Release\First.pch" /Fo"Release\\" /Fd"Release\vc100.pdb" /Gd /TP /analyze- /errorReport:prompt First.cpp
         First.cpp
     1>First.cpp(19): warning C4244: 'argument' : conversion from 'int' to 'float', possible loss of data
     1>First.cpp(22): warning C4244: 'argument' : conversion from 'int' to 'float', possible loss of data
     1>First.cpp(22): warning C4244: 'argument' : conversion from 'int' to 'float', possible loss of data
     1>First.cpp(24): warning C4244: 'argument' : conversion from 'int' to 'float', possible loss of data
     1>First.cpp(26): warning C4244: 'argument' : conversion from 'int' to 'float', possible loss of data
     1>First.cpp(26): warning C4244: 'argument' : conversion from 'int' to 'float', possible loss of data
     1>First.cpp(28): warning C4244: 'argument' : conversion from 'int' to 'float', possible loss of data
     1>First.cpp(28): warning C4244: 'argument' : conversion from 'int' to 'float', possible loss of data
       Link:
         c:\Program Files (x86)\Microsoft Visual Studio 10.0\VC\bin\link.exe /ERRORREPORT:PROMPT /OUT:"E:\Documents\GameMaking\Visual\First\Release\First.exe" /INCREMENTAL:NO /NOLOGO /LIBPATH:"E:\SFML-2.1\lib" kernel32.lib user32.lib gdi32.lib winspool.lib comdlg32.lib advapi32.lib shell32.lib ole32.lib oleaut32.lib uuid.lib odbc32.lib odbccp32.lib "sfml-system.lib" "sfml-window.lib" "sfml-graphics.lib" "sfml-network.lib" "sfml-audio.lib" kernel32.lib user32.lib gdi32.lib winspool.lib comdlg32.lib advapi32.lib shell32.lib ole32.lib oleaut32.lib uuid.lib odbc32.lib odbccp32.lib /MANIFEST /ManifestFile:"Release\First.exe.intermediate.manifest" /MANIFESTUAC:"level='asInvoker' uiAccess='false'" /DEBUG /PDB:"E:\Documents\GameMaking\Visual\First\Release\First.pdb" /SUBSYSTEM:CONSOLE /OPT:REF /OPT:ICF /LTCG /TLBID:1 /DYNAMICBASE /NXCOMPAT /IMPLIB:"E:\Documents\GameMaking\Visual\First\Release\First.lib" /MACHINE:X86 Release\Actor.obj
         Release\First.obj
         Release\Mover.obj
         Release\Platform.obj
         Release\stdafx.obj
         Release\You.obj
         Generating code
         Finished generating code
         First.vcxproj -> E:\Documents\GameMaking\Visual\First\Release\First.exe
       Manifest:
         C:\Program Files (x86)\Microsoft SDKs\Windows\v7.0A\bin\mt.exe /nologo /verbose /outputresource:"E:\Documents\GameMaking\Visual\First\Release\First.exe;#1" /manifest Release\First.exe.intermediate.manifest
       FinalizeBuildStatus:
         Deleting file "Release\First.unsuccessfulbuild".
         Touching "Release\First.lastbuildstate".
     1>Done Building Project "E:\Documents\GameMaking\Visual\First\First\First.vcxproj" (build target(s)).

Build succeeded.

Time Elapsed 00:00:01.19
